# JRE version: Java(TM) SE Runtime Environment (8.0_211-b12) (build 1.8.0_211-b12)
# Java VM: Java HotSpot(TM) 64-Bit Server VM (25.211-b12 mixed mode bsd-amd64 compressed oops)
Heap:
 PSYoungGen      total 224768K, used 204288K [0x00000007a0000000, 0x00000007b2200000, 0x00000007c0000000)
  eden space 204288K, 100% used [0x00000007a0000000,0x00000007ac780000,0x00000007ac780000)
  from space 20480K, 0% used [0x00000007adc00000,0x00000007adc00000,0x00000007af000000)
  to   space 20992K, 53% used [0x00000007ac780000,0x00000007ad26a030,0x00000007adc00000)
 ParOldGen       total 219136K, used 28442K [0x0000000760000000, 0x000000076d600000, 0x00000007a0000000)
  object space 219136K, 12% used [0x0000000760000000,0x0000000761bc6a68,0x000000076d600000)
 Metaspace       used 66786K, capacity 68887K, committed 69208K, reserved 1107968K
  class space    used 9221K, capacity 9755K, committed 9856K, reserved 1048576K
GC Heap History (10 events):
Event: 3.060 GC heap after
Heap after GC invocations=7 (full 2):
 PSYoungGen      total 140288K, used 0K [0x00000007a0000000, 0x00000007aad80000, 0x00000007c0000000)
  eden space 129536K, 0% used [0x00000007a0000000,0x00000007a0000000,0x00000007a7e80000)
  from space 10752K, 0% used [0x00000007a7e80000,0x00000007a7e80000,0x00000007a8900000)
  to   space 13824K, 0% used [0x00000007aa000000,0x00000007aa000000,0x00000007aad80000)
 ParOldGen       total 174080K, used 18759K [0x0000000760000000, 0x000000076aa00000, 0x00000007a0000000)
  object space 174080K, 10% used [0x0000000760000000,0x0000000761251ca8,0x000000076aa00000)
 Metaspace       used 34562K, capacity 35174K, committed 35416K, reserved 1079296K
  class space    used 4700K, capacity 4903K, committed 4992K, reserved 1048576K
}
Event: 4.157 GC heap before
{Heap before GC invocations=8 (full 2):
 PSYoungGen      total 140288K, used 129536K [0x00000007a0000000, 0x00000007aad80000, 0x00000007c0000000)
  eden space 129536K, 100% used [0x00000007a0000000,0x00000007a7e80000,0x00000007a7e80000)
  from space 10752K, 0% used [0x00000007a7e80000,0x00000007a7e80000,0x00000007a8900000)
  to   space 13824K, 0% used [0x00000007aa000000,0x00000007aa000000,0x00000007aad80000)
 ParOldGen       total 174080K, used 18759K [0x0000000760000000, 0x000000076aa00000, 0x00000007a0000000)
  object space 174080K, 10% used [0x0000000760000000,0x0000000761251ca8,0x000000076aa00000)
 Metaspace       used 44963K, capacity 46030K, committed 46168K, reserved 1089536K
  class space    used 6153K, capacity 6454K, committed 6528K, reserved 1048576K
Event: 4.167 GC heap after
Heap after GC invocations=8 (full 2):
 PSYoungGen      total 162304K, used 13805K [0x00000007a0000000, 0x00000007ace80000, 0x00000007c0000000)
  eden space 148480K, 0% used [0x00000007a0000000,0x00000007a0000000,0x00000007a9100000)
  from space 13824K, 99% used [0x00000007aa000000,0x00000007aad7b7d0,0x00000007aad80000)
  to   space 15360K, 0% used [0x00000007a9100000,0x00000007a9100000,0x00000007aa000000)
 ParOldGen       total 174080K, used 18883K [0x0000000760000000, 0x000000076aa00000, 0x00000007a0000000)
  object space 174080K, 10% used [0x0000000760000000,0x0000000761270f40,0x000000076aa00000)
 Metaspace       used 44963K, capacity 46030K, committed 46168K, reserved 1089536K
  class space    used 6153K, capacity 6454K, committed 6528K, reserved 1048576K
}
Event: 5.464 GC heap before
{Heap before GC invocations=9 (full 2):
 PSYoungGen      total 162304K, used 162285K [0x00000007a0000000, 0x00000007ace80000, 0x00000007c0000000)
  eden space 148480K, 100% used [0x00000007a0000000,0x00000007a9100000,0x00000007a9100000)
  from space 13824K, 99% used [0x00000007aa000000,0x00000007aad7b7d0,0x00000007aad80000)
  to   space 15360K, 0% used [0x00000007a9100000,0x00000007a9100000,0x00000007aa000000)
 ParOldGen       total 174080K, used 18883K [0x0000000760000000, 0x000000076aa00000, 0x00000007a0000000)
  object space 174080K, 10% used [0x0000000760000000,0x0000000761270f40,0x000000076aa00000)
 Metaspace       used 56907K, capacity 58496K, committed 58840K, reserved 1099776K
  class space    used 7713K, capacity 8100K, committed 8192K, reserved 1048576K
Event: 5.480 GC heap after
Heap after GC invocations=9 (full 2):
 PSYoungGen      total 163840K, used 15332K [0x00000007a0000000, 0x00000007af000000, 0x00000007c0000000)
  eden space 148480K, 0% used [0x00000007a0000000,0x00000007a0000000,0x00000007a9100000)
  from space 15360K, 99% used [0x00000007a9100000,0x00000007a9ff9040,0x00000007aa000000)
  to   space 20480K, 0% used [0x00000007adc00000,0x00000007adc00000,0x00000007af000000)
 ParOldGen       total 174080K, used 25853K [0x0000000760000000, 0x000000076aa00000, 0x00000007a0000000)
  object space 174080K, 14% used [0x0000000760000000,0x000000076193f7f8,0x000000076aa00000)
 Metaspace       used 56907K, capacity 58496K, committed 58840K, reserved 1099776K
  class space    used 7713K, capacity 8100K, committed 8192K, reserved 1048576K
}
Event: 5.515 GC heap before
{Heap before GC invocations=10 (full 2):
 PSYoungGen      total 163840K, used 18299K [0x00000007a0000000, 0x00000007af000000, 0x00000007c0000000)
  eden space 148480K, 1% used [0x00000007a0000000,0x00000007a02e5de0,0x00000007a9100000)
  from space 15360K, 99% used [0x00000007a9100000,0x00000007a9ff9040,0x00000007aa000000)
  to   space 20480K, 0% used [0x00000007adc00000,0x00000007adc00000,0x00000007af000000)
 ParOldGen       total 174080K, used 25853K [0x0000000760000000, 0x000000076aa00000, 0x00000007a0000000)
  object space 174080K, 14% used [0x0000000760000000,0x000000076193f7f8,0x000000076aa00000)
 Metaspace       used 57249K, capacity 58873K, committed 59028K, reserved 1099776K
  class space    used 7763K, capacity 8192K, committed 8192K, reserved 1048576K
Event: 5.524 GC heap after
Heap after GC invocations=10 (full 2):
 PSYoungGen      total 224768K, used 14601K [0x00000007a0000000, 0x00000007b2200000, 0x00000007c0000000)
  eden space 204288K, 0% used [0x00000007a0000000,0x00000007a0000000,0x00000007ac780000)
  from space 20480K, 71% used [0x00000007adc00000,0x00000007aea424c0,0x00000007af000000)
  to   space 20992K, 0% used [0x00000007ac780000,0x00000007ac780000,0x00000007adc00000)
 ParOldGen       total 174080K, used 25853K [0x0000000760000000, 0x000000076aa00000, 0x00000007a0000000)
  object space 174080K, 14% used [0x0000000760000000,0x000000076193f7f8,0x000000076aa00000)
 Metaspace       used 57249K, capacity 58873K, committed 59028K, reserved 1099776K
  class space    used 7763K, capacity 8192K, committed 8192K, reserved 1048576K
}
Event: 5.524 GC heap before
{Heap before GC invocations=11 (full 3):
 PSYoungGen      total 224768K, used 14601K [0x00000007a0000000, 0x00000007b2200000, 0x00000007c0000000)
  eden space 204288K, 0% used [0x00000007a0000000,0x00000007a0000000,0x00000007ac780000)
  from space 20480K, 71% used [0x00000007adc00000,0x00000007aea424c0,0x00000007af000000)
  to   space 20992K, 0% used [0x00000007ac780000,0x00000007ac780000,0x00000007adc00000)
 ParOldGen       total 174080K, used 25853K [0x0000000760000000, 0x000000076aa00000, 0x00000007a0000000)
  object space 174080K, 14% used [0x0000000760000000,0x000000076193f7f8,0x000000076aa00000)
 Metaspace       used 57249K, capacity 58873K, committed 59028K, reserved 1099776K
  class space    used 7763K, capacity 8192K, committed 8192K, reserved 1048576K
Event: 5.657 GC heap after
Heap after GC invocations=11 (full 3):
 PSYoungGen      total 224768K, used 0K [0x00000007a0000000, 0x00000007b2200000, 0x00000007c0000000)
  eden space 204288K, 0% used [0x00000007a0000000,0x00000007a0000000,0x00000007ac780000)
  from space 20480K, 0% used [0x00000007adc00000,0x00000007adc00000,0x00000007af000000)
  to   space 20992K, 0% used [0x00000007ac780000,0x00000007ac780000,0x00000007adc00000)
 ParOldGen       total 219136K, used 28434K [0x0000000760000000, 0x000000076d600000, 0x00000007a0000000)
  object space 219136K, 12% used [0x0000000760000000,0x0000000761bc4a68,0x000000076d600000)
 Metaspace       used 57220K, capacity 58777K, committed 59028K, reserved 1099776K
  class space    used 7754K, capacity 8176K, committed 8192K, reserved 1048576K
}
Event: 7.240 GC heap before
{Heap before GC invocations=12 (full 3):
 PSYoungGen      total 224768K, used 204288K [0x00000007a0000000, 0x00000007b2200000, 0x00000007c0000000)
  eden space 204288K, 100% used [0x00000007a0000000,0x00000007ac780000,0x00000007ac780000)
  from space 20480K, 0% used [0x00000007adc00000,0x00000007adc00000,0x00000007af000000)
  to   space 20992K, 0% used [0x00000007ac780000,0x00000007ac780000,0x00000007adc00000)
 ParOldGen       total 219136K, used 28434K [0x0000000760000000, 0x000000076d600000, 0x00000007a0000000)
  object space 219136K, 12% used [0x0000000760000000,0x0000000761bc4a68,0x000000076d600000)
 Metaspace       used 66786K, capacity 68887K, committed 69208K, reserved 1107968K
  class space    used 9221K, capacity 9755K, committed 9856K, reserved 1048576K

